build/app/intermediates/manifest_merge_blame_file/release/manifest-merger-blame-release-report.txt
1<?xml version="1.0" encoding="utf-8"?>
2<manifest xmlns:android="http://schemas.android.com/apk/res/android"
3    package="com.oxoo.spagreen"
4    android:versionCode="3"
5    android:versionName="1.0.2" >
6
7    <uses-sdk
8        android:minSdkVersion="21"
8-->src\main\AndroidManifest.xml
9        android:targetSdkVersion="31" />
9-->src\main\AndroidManifest.xml
10    <!--
11         io.flutter.app.FlutterApplication is an android.app.Application that
12             calls FlutterMain.startInitialization(this); in its onCreate method.
13             In most cases you can leave this as-is, but you if you want to provide
14             additional functionality it is fine to subclass or reimplement
15             FlutterApplication and put your custom class here.
16    -->
17    <uses-permission android:name="android.permission.INTERNET" />
17-->src\main\AndroidManifest.xml:8:5-66
17-->src\main\AndroidManifest.xml:8:22-64
18    <uses-permission android:name="android.permission.READ_PHONE_STATE" />
18-->src\main\AndroidManifest.xml:9:5-74
18-->src\main\AndroidManifest.xml:9:22-72
19
20    <!-- Permissions options for the `storage` group -->
21    <uses-permission android:name="android.permission.READ_EXTERNAL_STORAGE" />
21-->src\main\AndroidManifest.xml:12:5-79
21-->src\main\AndroidManifest.xml:12:22-77
22    <uses-permission android:name="android.permission.WRITE_EXTERNAL_STORAGE" />
22-->src\main\AndroidManifest.xml:13:5-80
22-->src\main\AndroidManifest.xml:13:22-78
23
24    <queries>
24-->[:flutter_inappwebview] AndroidManifest.xml:7:5-11:15
25        <intent>
25-->[:flutter_inappwebview] AndroidManifest.xml:8:9-10:18
26            <action android:name="android.support.customtabs.action.CustomTabsService" />
26-->[:flutter_inappwebview] AndroidManifest.xml:9:13-90
26-->[:flutter_inappwebview] AndroidManifest.xml:9:21-87
27        </intent>
28        <intent>
28-->[:flutter_downloader] AndroidManifest.xml:9:9-11:18
29            <action android:name="android.intent.action.VIEW" />
29-->src\main\AndroidManifest.xml:51:17-69
29-->src\main\AndroidManifest.xml:51:25-66
30        </intent>
31    </queries> <!-- Create a unique permission for your app and use it so only your app can receive your OneSignal messages. -->
32    <permission
32-->[com.onesignal:OneSignal:4.7.0] AndroidManifest.xml:7:5-9:47
33        android:name="com.oxoo.spagreen.permission.C2D_MESSAGE"
33-->[com.onesignal:OneSignal:4.7.0] AndroidManifest.xml:8:9-63
34        android:protectionLevel="signature" />
34-->[com.onesignal:OneSignal:4.7.0] AndroidManifest.xml:9:9-44
35
36    <uses-permission android:name="com.oxoo.spagreen.permission.C2D_MESSAGE" /> <!-- c2dm RECEIVE are basic requirements for push messages through Google's FCM -->
36-->[com.onesignal:OneSignal:4.7.0] AndroidManifest.xml:11:5-79
36-->[com.onesignal:OneSignal:4.7.0] AndroidManifest.xml:11:22-76
37    <uses-permission android:name="com.google.android.c2dm.permission.RECEIVE" /> <!-- Required, makes sure notifications are delivered on time. -->
37-->[com.onesignal:OneSignal:4.7.0] AndroidManifest.xml:17:5-82
37-->[com.onesignal:OneSignal:4.7.0] AndroidManifest.xml:17:22-79
38    <uses-permission android:name="android.permission.WAKE_LOCK" />
38-->[com.onesignal:OneSignal:4.7.0] AndroidManifest.xml:18:5-68
38-->[com.onesignal:OneSignal:4.7.0] AndroidManifest.xml:18:22-65
39    <!--
40 Required so the device vibrates on receiving a push notification.
41         Vibration settings of the device still apply.
42    -->
43    <uses-permission android:name="android.permission.VIBRATE" />
43-->[com.onesignal:OneSignal:4.7.0] AndroidManifest.xml:23:5-66
43-->[com.onesignal:OneSignal:4.7.0] AndroidManifest.xml:23:22-63
44    <uses-permission android:name="android.permission.ACCESS_NETWORK_STATE" />
44-->[com.onesignal:OneSignal:4.7.0] AndroidManifest.xml:24:5-79
44-->[com.onesignal:OneSignal:4.7.0] AndroidManifest.xml:24:22-76
45    <!--
46 Use to restore notifications the user hasn't interacted with.
47         They could be missed notifications if the user reboots their device if this isn't in place.
48    -->
49    <uses-permission android:name="android.permission.RECEIVE_BOOT_COMPLETED" /> <!-- START: ShortcutBadger -->
49-->[com.onesignal:OneSignal:4.7.0] AndroidManifest.xml:29:5-81
49-->[com.onesignal:OneSignal:4.7.0] AndroidManifest.xml:29:22-78
50    <!-- Samsung -->
51    <uses-permission android:name="com.sec.android.provider.badge.permission.READ" />
51-->[com.onesignal:OneSignal:4.7.0] AndroidManifest.xml:31:5-86
51-->[com.onesignal:OneSignal:4.7.0] AndroidManifest.xml:31:22-83
52    <uses-permission android:name="com.sec.android.provider.badge.permission.WRITE" /> <!-- HTC -->
52-->[com.onesignal:OneSignal:4.7.0] AndroidManifest.xml:32:5-87
52-->[com.onesignal:OneSignal:4.7.0] AndroidManifest.xml:32:22-84
53    <uses-permission android:name="com.htc.launcher.permission.READ_SETTINGS" />
53-->[com.onesignal:OneSignal:4.7.0] AndroidManifest.xml:33:5-81
53-->[com.onesignal:OneSignal:4.7.0] AndroidManifest.xml:33:22-78
54    <uses-permission android:name="com.htc.launcher.permission.UPDATE_SHORTCUT" /> <!-- Sony -->
54-->[com.onesignal:OneSignal:4.7.0] AndroidManifest.xml:34:5-83
54-->[com.onesignal:OneSignal:4.7.0] AndroidManifest.xml:34:22-80
55    <uses-permission android:name="com.sonyericsson.home.permission.BROADCAST_BADGE" />
55-->[com.onesignal:OneSignal:4.7.0] AndroidManifest.xml:35:5-88
55-->[com.onesignal:OneSignal:4.7.0] AndroidManifest.xml:35:22-85
56    <uses-permission android:name="com.sonymobile.home.permission.PROVIDER_INSERT_BADGE" /> <!-- Apex -->
56-->[com.onesignal:OneSignal:4.7.0] AndroidManifest.xml:36:5-92
56-->[com.onesignal:OneSignal:4.7.0] AndroidManifest.xml:36:22-89
57    <uses-permission android:name="com.anddoes.launcher.permission.UPDATE_COUNT" /> <!-- Solid -->
57-->[com.onesignal:OneSignal:4.7.0] AndroidManifest.xml:37:5-84
57-->[com.onesignal:OneSignal:4.7.0] AndroidManifest.xml:37:22-81
58    <uses-permission android:name="com.majeur.launcher.permission.UPDATE_BADGE" /> <!-- Huawei -->
58-->[com.onesignal:OneSignal:4.7.0] AndroidManifest.xml:38:5-83
58-->[com.onesignal:OneSignal:4.7.0] AndroidManifest.xml:38:22-80
59    <uses-permission android:name="com.huawei.android.launcher.permission.CHANGE_BADGE" />
59-->[com.onesignal:OneSignal:4.7.0] AndroidManifest.xml:39:5-91
59-->[com.onesignal:OneSignal:4.7.0] AndroidManifest.xml:39:22-88
60    <uses-permission android:name="com.huawei.android.launcher.permission.READ_SETTINGS" />
60-->[com.onesignal:OneSignal:4.7.0] AndroidManifest.xml:40:5-92
60-->[com.onesignal:OneSignal:4.7.0] AndroidManifest.xml:40:22-89
61    <uses-permission android:name="com.huawei.android.launcher.permission.WRITE_SETTINGS" /> <!-- ZUK -->
61-->[com.onesignal:OneSignal:4.7.0] AndroidManifest.xml:41:5-93
61-->[com.onesignal:OneSignal:4.7.0] AndroidManifest.xml:41:22-90
62    <uses-permission android:name="android.permission.READ_APP_BADGE" /> <!-- OPPO -->
62-->[com.onesignal:OneSignal:4.7.0] AndroidManifest.xml:42:5-73
62-->[com.onesignal:OneSignal:4.7.0] AndroidManifest.xml:42:22-70
63    <uses-permission android:name="com.oppo.launcher.permission.READ_SETTINGS" />
63-->[com.onesignal:OneSignal:4.7.0] AndroidManifest.xml:43:5-82
63-->[com.onesignal:OneSignal:4.7.0] AndroidManifest.xml:43:22-79
64    <uses-permission android:name="com.oppo.launcher.permission.WRITE_SETTINGS" /> <!-- EvMe -->
64-->[com.onesignal:OneSignal:4.7.0] AndroidManifest.xml:44:5-83
64-->[com.onesignal:OneSignal:4.7.0] AndroidManifest.xml:44:22-80
65    <uses-permission android:name="me.everything.badger.permission.BADGE_COUNT_READ" />
65-->[com.onesignal:OneSignal:4.7.0] AndroidManifest.xml:45:5-88
65-->[com.onesignal:OneSignal:4.7.0] AndroidManifest.xml:45:22-85
66    <uses-permission android:name="me.everything.badger.permission.BADGE_COUNT_WRITE" />
66-->[com.onesignal:OneSignal:4.7.0] AndroidManifest.xml:46:5-89
66-->[com.onesignal:OneSignal:4.7.0] AndroidManifest.xml:46:22-86
67    <uses-permission android:name="android.permission.FOREGROUND_SERVICE" />
67-->[androidx.work:work-runtime:2.7.1] AndroidManifest.xml:28:5-77
67-->[androidx.work:work-runtime:2.7.1] AndroidManifest.xml:28:22-74
68    <uses-permission android:name="com.google.android.gms.permission.AD_ID" />
68-->[com.google.android.gms:play-services-measurement-api:20.1.2] AndroidManifest.xml:25:5-79
68-->[com.google.android.gms:play-services-measurement-api:20.1.2] AndroidManifest.xml:25:22-76
69    <uses-permission android:name="com.google.android.finsky.permission.BIND_GET_INSTALL_REFERRER_SERVICE" />
69-->[com.google.android.gms:play-services-measurement:20.1.2] AndroidManifest.xml:26:5-110
69-->[com.google.android.gms:play-services-measurement:20.1.2] AndroidManifest.xml:26:22-107
70    <uses-permission android:name="com.android.vending.BILLING" />
70-->[com.android.billingclient:billing:2.0.3] AndroidManifest.xml:10:5-67
70-->[com.android.billingclient:billing:2.0.3] AndroidManifest.xml:10:22-64
71
72    <application
73        android:name="android.app.Application"
73-->src\main\AndroidManifest.xml:15:9-42
74        android:appComponentFactory="androidx.core.app.CoreComponentFactory"
74-->[androidx.core:core:1.7.0] AndroidManifest.xml:24:18-86
75        android:icon="@mipmap/launcher_icon"
75-->src\main\AndroidManifest.xml:17:9-45
76        android:label="OXOO FLUTTER"
76-->src\main\AndroidManifest.xml:16:9-37
77        android:supportsRtl="true"
77-->[com.facebook.android:facebook-login:12.1.0] AndroidManifest.xml:28:18-44
78        android:usesCleartextTraffic="true" >
78-->src\main\AndroidManifest.xml:18:9-44
79        <meta-data
79-->src\main\AndroidManifest.xml:20:9-22:69
80            android:name="com.google.android.gms.ads.APPLICATION_ID"
80-->src\main\AndroidManifest.xml:21:13-69
81            android:value="ca-app-pub-3940256099942544~3347511713" />
81-->src\main\AndroidManifest.xml:22:13-67
82
83        <activity
83-->src\main\AndroidManifest.xml:23:9-35:20
84            android:name="com.zamoo.livedemo.MainActivity"
84-->src\main\AndroidManifest.xml:24:13-59
85            android:configChanges="orientation|keyboardHidden|keyboard|screenSize|smallestScreenSize|locale|layoutDirection|fontScale|screenLayout|density|uiMode"
85-->src\main\AndroidManifest.xml:27:13-163
86            android:exported="true"
86-->src\main\AndroidManifest.xml:30:13-36
87            android:hardwareAccelerated="true"
87-->src\main\AndroidManifest.xml:28:13-47
88            android:launchMode="singleTop"
88-->src\main\AndroidManifest.xml:25:13-43
89            android:theme="@style/LaunchTheme"
89-->src\main\AndroidManifest.xml:26:13-47
90            android:windowSoftInputMode="adjustResize" >
90-->src\main\AndroidManifest.xml:29:13-55
91            <intent-filter>
91-->src\main\AndroidManifest.xml:31:13-34:29
92                <action android:name="android.intent.action.MAIN" />
92-->src\main\AndroidManifest.xml:32:17-68
92-->src\main\AndroidManifest.xml:32:25-66
93
94                <category android:name="android.intent.category.LAUNCHER" />
94-->src\main\AndroidManifest.xml:33:17-76
94-->src\main\AndroidManifest.xml:33:27-74
95            </intent-filter>
96        </activity>
97        <!--
98             Don't delete the meta-data below.
99             This is used by the Flutter tool to generate GeneratedPluginRegistrant.java
100        -->
101        <meta-data
101-->src\main\AndroidManifest.xml:38:9-40:33
102            android:name="flutterEmbedding"
102-->src\main\AndroidManifest.xml:39:13-44
103            android:value="2" />
103-->src\main\AndroidManifest.xml:40:13-30
104        <meta-data
104-->src\main\AndroidManifest.xml:41:9-42:54
105            android:name="com.facebook.sdk.ApplicationId"
105-->src\main\AndroidManifest.xml:41:20-65
106            android:value="@string/facebook_app_id" />
106-->src\main\AndroidManifest.xml:42:13-52
107
108        <activity
108-->src\main\AndroidManifest.xml:43:9-46:48
109            android:name="com.facebook.FacebookActivity"
109-->src\main\AndroidManifest.xml:43:19-63
110            android:configChanges="keyboard|keyboardHidden|screenLayout|screenSize|orientation"
110-->src\main\AndroidManifest.xml:44:13-113
111            android:label="@string/app_name"
111-->src\main\AndroidManifest.xml:46:13-45
112            android:theme="@style/com_facebook_activity_theme" />
112-->[com.facebook.android:facebook-common:12.1.0] AndroidManifest.xml:33:13-63
113        <activity
113-->src\main\AndroidManifest.xml:47:9-56:20
114            android:name="com.facebook.CustomTabActivity"
114-->src\main\AndroidManifest.xml:48:13-58
115            android:exported="true" >
115-->src\main\AndroidManifest.xml:49:13-36
116            <intent-filter>
116-->src\main\AndroidManifest.xml:50:13-55:29
117                <action android:name="android.intent.action.VIEW" />
117-->src\main\AndroidManifest.xml:51:17-69
117-->src\main\AndroidManifest.xml:51:25-66
118
119                <category android:name="android.intent.category.DEFAULT" />
119-->src\main\AndroidManifest.xml:52:17-76
119-->src\main\AndroidManifest.xml:52:27-73
120                <category android:name="android.intent.category.BROWSABLE" />
120-->src\main\AndroidManifest.xml:53:17-78
120-->src\main\AndroidManifest.xml:53:27-75
121
122                <data android:scheme="@string/fb_login_protocol_scheme" />
122-->src\main\AndroidManifest.xml:54:17-75
122-->src\main\AndroidManifest.xml:54:23-72
123            </intent-filter>
124            <intent-filter>
124-->[com.facebook.android:facebook-common:12.1.0] AndroidManifest.xml:39:13-48:29
125                <action android:name="android.intent.action.VIEW" />
125-->src\main\AndroidManifest.xml:51:17-69
125-->src\main\AndroidManifest.xml:51:25-66
126
127                <category android:name="android.intent.category.DEFAULT" />
127-->src\main\AndroidManifest.xml:52:17-76
127-->src\main\AndroidManifest.xml:52:27-73
128                <category android:name="android.intent.category.BROWSABLE" />
128-->src\main\AndroidManifest.xml:53:17-78
128-->src\main\AndroidManifest.xml:53:27-75
129
130                <data
130-->src\main\AndroidManifest.xml:54:17-75
131                    android:host="cct.com.oxoo.spagreen"
132                    android:scheme="fbconnect" />
132-->src\main\AndroidManifest.xml:54:23-72
133            </intent-filter>
134        </activity>
135
136        <provider
137            android:name="vn.hunghd.flutterdownloader.DownloadedFileProvider"
137-->src\main\AndroidManifest.xml:58:13-78
138            android:authorities="com.oxoo.spagreen.flutter_downloader.provider"
138-->src\main\AndroidManifest.xml:59:13-79
139            android:exported="false"
139-->src\main\AndroidManifest.xml:60:13-37
140            android:grantUriPermissions="true" >
140-->src\main\AndroidManifest.xml:61:13-47
141            <meta-data
141-->src\main\AndroidManifest.xml:62:13-64:57
142                android:name="android.support.FILE_PROVIDER_PATHS"
142-->src\main\AndroidManifest.xml:63:17-67
143                android:resource="@xml/provider_paths" />
143-->src\main\AndroidManifest.xml:64:17-55
144        </provider>
145
146        <meta-data
146-->src\main\AndroidManifest.xml:66:9-68:39
147            android:name="com.onesignal.NotificationOpened.DEFAULT"
147-->src\main\AndroidManifest.xml:67:13-68
148            android:value="DISABLE" />
148-->src\main\AndroidManifest.xml:68:13-36
149
150        <service
150-->[:firebase_auth] AndroidManifest.xml:8:9-12:19
151            android:name="com.google.firebase.components.ComponentDiscoveryService"
151-->[:firebase_auth] AndroidManifest.xml:8:18-89
152            android:directBootAware="true"
152-->[com.google.firebase:firebase-common:20.1.0] AndroidManifest.xml:35:13-43
153            android:exported="false" >
153-->[com.google.firebase:firebase-auth:21.0.3] AndroidManifest.xml:66:13-37
154            <meta-data
154-->[:firebase_auth] AndroidManifest.xml:9:13-11:85
155                android:name="com.google.firebase.components:io.flutter.plugins.firebase.auth.FlutterFirebaseAuthRegistrar"
155-->[:firebase_auth] AndroidManifest.xml:10:17-124
156                android:value="com.google.firebase.components.ComponentRegistrar" />
156-->[:firebase_auth] AndroidManifest.xml:11:17-82
157            <meta-data
157-->[:firebase_core] AndroidManifest.xml:9:13-11:85
158                android:name="com.google.firebase.components:io.flutter.plugins.firebase.core.FlutterFirebaseCoreRegistrar"
158-->[:firebase_core] AndroidManifest.xml:10:17-124
159                android:value="com.google.firebase.components.ComponentRegistrar" />
159-->[:firebase_core] AndroidManifest.xml:11:17-82
160            <meta-data
160-->[com.google.firebase:firebase-auth:21.0.3] AndroidManifest.xml:67:13-69:85
161                android:name="com.google.firebase.components:com.google.firebase.auth.FirebaseAuthRegistrar"
161-->[com.google.firebase:firebase-auth:21.0.3] AndroidManifest.xml:68:17-109
162                android:value="com.google.firebase.components.ComponentRegistrar" />
162-->[com.google.firebase:firebase-auth:21.0.3] AndroidManifest.xml:69:17-82
163            <meta-data
163-->[com.google.firebase:firebase-messaging:23.0.3] AndroidManifest.xml:55:13-57:85
164                android:name="com.google.firebase.components:com.google.firebase.messaging.FirebaseMessagingRegistrar"
164-->[com.google.firebase:firebase-messaging:23.0.3] AndroidManifest.xml:56:17-119
165                android:value="com.google.firebase.components.ComponentRegistrar" />
165-->[com.google.firebase:firebase-messaging:23.0.3] AndroidManifest.xml:57:17-82
166            <meta-data
166-->[com.google.android.gms:play-services-measurement-api:20.1.2] AndroidManifest.xml:31:13-33:85
167                android:name="com.google.firebase.components:com.google.firebase.analytics.connector.internal.AnalyticsConnectorRegistrar"
167-->[com.google.android.gms:play-services-measurement-api:20.1.2] AndroidManifest.xml:32:17-139
168                android:value="com.google.firebase.components.ComponentRegistrar" />
168-->[com.google.android.gms:play-services-measurement-api:20.1.2] AndroidManifest.xml:33:17-82
169            <meta-data
169-->[com.google.firebase:firebase-datatransport:18.1.2] AndroidManifest.xml:28:13-30:85
170                android:name="com.google.firebase.components:com.google.firebase.datatransport.TransportRegistrar"
170-->[com.google.firebase:firebase-datatransport:18.1.2] AndroidManifest.xml:29:17-115
171                android:value="com.google.firebase.components.ComponentRegistrar" />
171-->[com.google.firebase:firebase-datatransport:18.1.2] AndroidManifest.xml:30:17-82
172            <meta-data
172-->[com.google.firebase:firebase-installations:17.0.1] AndroidManifest.xml:18:13-20:85
173                android:name="com.google.firebase.components:com.google.firebase.installations.FirebaseInstallationsRegistrar"
173-->[com.google.firebase:firebase-installations:17.0.1] AndroidManifest.xml:19:17-127
174                android:value="com.google.firebase.components.ComponentRegistrar" />
174-->[com.google.firebase:firebase-installations:17.0.1] AndroidManifest.xml:20:17-82
175        </service>
176
177        <activity
177-->[:flutter_inappwebview] AndroidManifest.xml:14:9-18:47
178            android:name="com.pichillilorenzo.flutter_inappwebview.in_app_browser.InAppBrowserActivity"
178-->[:flutter_inappwebview] AndroidManifest.xml:15:13-104
179            android:configChanges="orientation|keyboardHidden|keyboard|screenSize|locale|layoutDirection|fontScale|screenLayout|density"
179-->[:flutter_inappwebview] AndroidManifest.xml:16:13-137
180            android:exported="true"
180-->[:flutter_inappwebview] AndroidManifest.xml:17:13-36
181            android:theme="@style/AppTheme" />
181-->[:flutter_inappwebview] AndroidManifest.xml:18:13-44
182        <activity
182-->[:flutter_inappwebview] AndroidManifest.xml:19:9-22:55
183            android:name="com.pichillilorenzo.flutter_inappwebview.chrome_custom_tabs.ChromeCustomTabsActivity"
183-->[:flutter_inappwebview] AndroidManifest.xml:20:13-112
184            android:exported="true"
184-->[:flutter_inappwebview] AndroidManifest.xml:21:13-36
185            android:theme="@style/ThemeTransparent" />
185-->[:flutter_inappwebview] AndroidManifest.xml:22:13-52
186        <activity
186-->[:flutter_inappwebview] AndroidManifest.xml:23:9-26:55
187            android:name="com.pichillilorenzo.flutter_inappwebview.chrome_custom_tabs.TrustedWebActivity"
187-->[:flutter_inappwebview] AndroidManifest.xml:24:13-106
188            android:exported="true"
188-->[:flutter_inappwebview] AndroidManifest.xml:25:13-36
189            android:theme="@style/ThemeTransparent" />
189-->[:flutter_inappwebview] AndroidManifest.xml:26:13-52
190        <activity
190-->[:flutter_inappwebview] AndroidManifest.xml:27:9-31:55
191            android:name="com.pichillilorenzo.flutter_inappwebview.chrome_custom_tabs.ChromeCustomTabsActivitySingleInstance"
191-->[:flutter_inappwebview] AndroidManifest.xml:28:13-126
192            android:exported="true"
192-->[:flutter_inappwebview] AndroidManifest.xml:29:13-36
193            android:launchMode="singleInstance"
193-->[:flutter_inappwebview] AndroidManifest.xml:30:13-48
194            android:theme="@style/ThemeTransparent" />
194-->[:flutter_inappwebview] AndroidManifest.xml:31:13-52
195        <activity
195-->[:flutter_inappwebview] AndroidManifest.xml:32:9-36:55
196            android:name="com.pichillilorenzo.flutter_inappwebview.chrome_custom_tabs.TrustedWebActivitySingleInstance"
196-->[:flutter_inappwebview] AndroidManifest.xml:33:13-120
197            android:exported="true"
197-->[:flutter_inappwebview] AndroidManifest.xml:34:13-36
198            android:launchMode="singleInstance"
198-->[:flutter_inappwebview] AndroidManifest.xml:35:13-48
199            android:theme="@style/ThemeTransparent" />
199-->[:flutter_inappwebview] AndroidManifest.xml:36:13-52
200
201        <receiver
201-->[:flutter_inappwebview] AndroidManifest.xml:38:9-41:40
202            android:name="com.pichillilorenzo.flutter_inappwebview.chrome_custom_tabs.ActionBroadcastReceiver"
202-->[:flutter_inappwebview] AndroidManifest.xml:39:13-111
203            android:enabled="true"
203-->[:flutter_inappwebview] AndroidManifest.xml:40:13-35
204            android:exported="false" />
204-->[:flutter_inappwebview] AndroidManifest.xml:41:13-37
205
206        <meta-data
206-->[:flutter_inappwebview] AndroidManifest.xml:43:9-45:36
207            android:name="io.flutter.embedded_views_preview"
207-->[:flutter_inappwebview] AndroidManifest.xml:44:13-61
208            android:value="true" />
208-->[:flutter_inappwebview] AndroidManifest.xml:45:13-33
209
210        <provider
210-->[:share] AndroidManifest.xml:8:9-16:20
211            android:name="io.flutter.plugins.share.ShareFileProvider"
211-->[:share] AndroidManifest.xml:9:13-70
212            android:authorities="com.oxoo.spagreen.flutter.share_provider"
212-->[:share] AndroidManifest.xml:10:13-74
213            android:exported="false"
213-->[:share] AndroidManifest.xml:11:13-37
214            android:grantUriPermissions="true" >
214-->[:share] AndroidManifest.xml:12:13-47
215            <meta-data
215-->src\main\AndroidManifest.xml:62:13-64:57
216                android:name="android.support.FILE_PROVIDER_PATHS"
216-->src\main\AndroidManifest.xml:63:17-67
217                android:resource="@xml/flutter_share_file_paths" />
217-->src\main\AndroidManifest.xml:64:17-55
218        </provider>
219        <provider
219-->[:image_picker_android] AndroidManifest.xml:8:9-16:20
220            android:name="io.flutter.plugins.imagepicker.ImagePickerFileProvider"
220-->[:image_picker_android] AndroidManifest.xml:9:13-82
221            android:authorities="com.oxoo.spagreen.flutter.image_provider"
221-->[:image_picker_android] AndroidManifest.xml:10:13-74
222            android:exported="false"
222-->[:image_picker_android] AndroidManifest.xml:11:13-37
223            android:grantUriPermissions="true" >
223-->[:image_picker_android] AndroidManifest.xml:12:13-47
224            <meta-data
224-->src\main\AndroidManifest.xml:62:13-64:57
225                android:name="android.support.FILE_PROVIDER_PATHS"
225-->src\main\AndroidManifest.xml:63:17-67
226                android:resource="@xml/flutter_image_picker_file_paths" />
226-->src\main\AndroidManifest.xml:64:17-55
227        </provider>
228
229        <activity
229-->[:url_launcher_android] AndroidManifest.xml:8:9-11:74
230            android:name="io.flutter.plugins.urllauncher.WebViewActivity"
230-->[:url_launcher_android] AndroidManifest.xml:9:13-74
231            android:exported="false"
231-->[:url_launcher_android] AndroidManifest.xml:10:13-37
232            android:theme="@android:style/Theme.NoTitleBar.Fullscreen" />
232-->[:url_launcher_android] AndroidManifest.xml:11:13-71
233
234        <receiver
234-->[com.onesignal:OneSignal:4.7.0] AndroidManifest.xml:49:9-60:20
235            android:name="com.onesignal.FCMBroadcastReceiver"
235-->[com.onesignal:OneSignal:4.7.0] AndroidManifest.xml:50:13-62
236            android:exported="true"
236-->[com.onesignal:OneSignal:4.7.0] AndroidManifest.xml:51:13-36
237            android:permission="com.google.android.c2dm.permission.SEND" >
237-->[com.onesignal:OneSignal:4.7.0] AndroidManifest.xml:52:13-73
238
239            <!-- High priority so OneSignal payloads can be filtered from other FCM receivers -->
240            <intent-filter android:priority="999" >
240-->[com.onesignal:OneSignal:4.7.0] AndroidManifest.xml:55:13-59:29
240-->[com.onesignal:OneSignal:4.7.0] AndroidManifest.xml:55:28-50
241                <action android:name="com.google.android.c2dm.intent.RECEIVE" />
241-->[com.onesignal:OneSignal:4.7.0] AndroidManifest.xml:56:17-81
241-->[com.onesignal:OneSignal:4.7.0] AndroidManifest.xml:56:25-78
242
243                <category android:name="com.oxoo.spagreen" />
243-->[com.onesignal:OneSignal:4.7.0] AndroidManifest.xml:58:17-61
243-->[com.onesignal:OneSignal:4.7.0] AndroidManifest.xml:58:27-58
244            </intent-filter>
245        </receiver>
246
247        <service
247-->[com.onesignal:OneSignal:4.7.0] AndroidManifest.xml:62:9-68:19
248            android:name="com.onesignal.HmsMessageServiceOneSignal"
248-->[com.onesignal:OneSignal:4.7.0] AndroidManifest.xml:63:13-68
249            android:exported="false" >
249-->[com.onesignal:OneSignal:4.7.0] AndroidManifest.xml:64:13-37
250            <intent-filter>
250-->[com.onesignal:OneSignal:4.7.0] AndroidManifest.xml:65:13-67:29
251                <action android:name="com.huawei.push.action.MESSAGING_EVENT" />
251-->[com.onesignal:OneSignal:4.7.0] AndroidManifest.xml:66:17-81
251-->[com.onesignal:OneSignal:4.7.0] AndroidManifest.xml:66:25-78
252            </intent-filter>
253        </service>
254
255        <activity
255-->[com.onesignal:OneSignal:4.7.0] AndroidManifest.xml:70:9-78:20
256            android:name="com.onesignal.NotificationOpenedActivityHMS"
256-->[com.onesignal:OneSignal:4.7.0] AndroidManifest.xml:71:13-71
257            android:exported="true"
257-->[com.onesignal:OneSignal:4.7.0] AndroidManifest.xml:72:13-36
258            android:noHistory="true"
258-->[com.onesignal:OneSignal:4.7.0] AndroidManifest.xml:73:13-37
259            android:theme="@android:style/Theme.Translucent.NoTitleBar" >
259-->[com.onesignal:OneSignal:4.7.0] AndroidManifest.xml:74:13-72
260            <intent-filter>
260-->[com.onesignal:OneSignal:4.7.0] AndroidManifest.xml:75:13-77:29
261                <action android:name="android.intent.action.VIEW" />
261-->src\main\AndroidManifest.xml:51:17-69
261-->src\main\AndroidManifest.xml:51:25-66
262            </intent-filter>
263        </activity>
264
265        <service
265-->[com.onesignal:OneSignal:4.7.0] AndroidManifest.xml:80:9-82:40
266            android:name="com.onesignal.FCMIntentService"
266-->[com.onesignal:OneSignal:4.7.0] AndroidManifest.xml:81:13-58
267            android:exported="false" />
267-->[com.onesignal:OneSignal:4.7.0] AndroidManifest.xml:82:13-37
268        <service
268-->[com.onesignal:OneSignal:4.7.0] AndroidManifest.xml:83:9-86:72
269            android:name="com.onesignal.FCMIntentJobService"
269-->[com.onesignal:OneSignal:4.7.0] AndroidManifest.xml:84:13-61
270            android:exported="false"
270-->[com.onesignal:OneSignal:4.7.0] AndroidManifest.xml:85:13-37
271            android:permission="android.permission.BIND_JOB_SERVICE" />
271-->[com.onesignal:OneSignal:4.7.0] AndroidManifest.xml:86:13-69
272        <service
272-->[com.onesignal:OneSignal:4.7.0] AndroidManifest.xml:87:9-90:43
273            android:name="com.onesignal.SyncService"
273-->[com.onesignal:OneSignal:4.7.0] AndroidManifest.xml:88:13-53
274            android:exported="false"
274-->[com.onesignal:OneSignal:4.7.0] AndroidManifest.xml:89:13-37
275            android:stopWithTask="true" />
275-->[com.onesignal:OneSignal:4.7.0] AndroidManifest.xml:90:13-40
276        <service
276-->[com.onesignal:OneSignal:4.7.0] AndroidManifest.xml:91:9-94:72
277            android:name="com.onesignal.SyncJobService"
277-->[com.onesignal:OneSignal:4.7.0] AndroidManifest.xml:92:13-56
278            android:exported="false"
278-->[com.onesignal:OneSignal:4.7.0] AndroidManifest.xml:93:13-37
279            android:permission="android.permission.BIND_JOB_SERVICE" />
279-->[com.onesignal:OneSignal:4.7.0] AndroidManifest.xml:94:13-69
280
281        <activity
281-->[com.onesignal:OneSignal:4.7.0] AndroidManifest.xml:96:9-99:75
282            android:name="com.onesignal.PermissionsActivity"
282-->[com.onesignal:OneSignal:4.7.0] AndroidManifest.xml:97:13-61
283            android:exported="false"
283-->[com.onesignal:OneSignal:4.7.0] AndroidManifest.xml:98:13-37
284            android:theme="@android:style/Theme.Translucent.NoTitleBar" />
284-->[com.onesignal:OneSignal:4.7.0] AndroidManifest.xml:99:13-72